Drill Listing
=============
Drill: .01181  Tool: 1  Feed: 95  Speed: 300
X 115748  Y 107874
X 121314  Y 110181
X 110181  Y 110181
X 123622  Y 115748
X 107874  Y 115748
X 121314  Y 121314
X 110181  Y 121314
X 115748  Y 123622
X 141151  Y 135433
X 141151  Y 174803
X 141151  Y 214173
X 141151  Y 253543
X 141151  Y 292913
X 141151  Y 371653
X 141151  Y 411023
X 141151  Y 450393
X 141151  Y 489763
X 141151  Y 529133
X 141151  Y 568503
X 115748  Y 607874
X 141151  Y 607874
X 110181  Y 610181
X 121314  Y 610181
X 123622  Y 615748
X 107874  Y 615748
X 121314  Y 621314
X 110181  Y 621314
X 115748  Y 623622
X 180521  Y 607874
X 180521  Y 529133
X 180521  Y 411023
X 180521  Y 371653
X 180521  Y 332283
X 159448  Y 312204
X 180521  Y 292913
X 180521  Y 253543
X 180521  Y 214173
X 180521  Y 174803
X 180521  Y 135433
X 219891  Y 135433
X 259261  Y 135433
X 219891  Y 214173
X 259261  Y 214173
X 259261  Y 253543
X 219891  Y 253543
X 259261  Y 292913
X 219891  Y 332283
X 259261  Y 332283
X 219891  Y 371653
X 259261  Y 371653
X 259261  Y 411023
X 276771  Y 412992
X 279133  Y 415748
X 281889  Y 418503
X 259261  Y 450393
X 281496  Y 518897
X 281496  Y 527952
X 259261  Y 529133
X 219891  Y 529133
X 279133  Y 531102
X 276771  Y 533858
X 219891  Y 607874
X 298631  Y 607874
X 294881  Y 501181
X 298818  Y 486220
X 284251  Y 420866
X 298631  Y 292913
X 303543  Y 277165
X 299212  Y 273228
X 323622  Y 264173
X 325984  Y 261811
X 298631  Y 253543
X 298631  Y 214173
X 312204  Y 190944
X 307874  Y 187795
X 318110  Y 187795
X 298631  Y 174803
X 298631  Y 135433
X 323622  Y 132677
X 325984  Y 130708
X 327952  Y 128346
X 330314  Y 126377
X 332283  Y 124015
X 338001  Y 135433
X 377371  Y 135433
X 338001  Y 174803
X 377371  Y 174803
X 338001  Y 214173
X 377371  Y 214173
X 377371  Y 253543
X 338001  Y 253543
X 338001  Y 292913
X 352755  Y 397637
X 357874  Y 397637
X 350393  Y 401574
X 355118  Y 401574
X 377371  Y 450393
X 357874  Y 459842
X 355118  Y 470078
X 377371  Y 489763
X 377371  Y 529133
X 377371  Y 568503
X 416741  Y 607874
X 416741  Y 529133
X 416741  Y 489763
X 416741  Y 371653
X 427165  Y 367716
X 424409  Y 364960
X 421653  Y 362204
X 418503  Y 359448
X 415748  Y 356299
X 388582  Y 319291
X 390944  Y 312598
X 400000  Y 190551
X 396850  Y 187795
X 416741  Y 135433
X 456111  Y 135433
X 456111  Y 174803
X 456111  Y 253543
X 460629  Y 321653
X 457874  Y 324409
X 455118  Y 327165
X 452362  Y 329921
X 456111  Y 371653
X 480708  Y 403543
X 456111  Y 568503
X 456111  Y 607874
X 495481  Y 607874
X 495481  Y 568503
X 495481  Y 529133
X 495481  Y 489763
X 509842  Y 413779
X 499606  Y 410236
X 490157  Y 406692
X 495481  Y 371653
X 507874  Y 353149
X 497637  Y 350787
X 509055  Y 329921
X 505905  Y 327165
X 511811  Y 321653
X 483070  Y 242125
X 495481  Y 174803
X 495481  Y 135433
X 534851  Y 135433
X 574222  Y 135433
X 562204  Y 145275
X 534851  Y 174803
X 574222  Y 174803
X 562204  Y 200393
X 574222  Y 214173
X 534851  Y 253543
X 562204  Y 255511
X 534851  Y 292913
X 562204  Y 310629
X 574222  Y 332283
X 543700  Y 334645
X 541338  Y 337007
X 538976  Y 338976
X 574409  Y 356299
X 566141  Y 359448
X 570078  Y 359448
X 534851  Y 371653
X 570078  Y 440157
X 534851  Y 450393
X 566141  Y 455511
X 574409  Y 458267
X 534851  Y 489763
X 574222  Y 489763
X 534851  Y 529133
X 574222  Y 529133
X 534851  Y 568503
X 574222  Y 568503
X 613592  Y 568503
X 613592  Y 529133
X 613592  Y 489763
X 614173  Y 458267
X 624015  Y 455905
X 583858  Y 453543
X 594094  Y 451181
X 599212  Y 403543
X 583858  Y 367716
X 594094  Y 364960
X 614173  Y 362204
X 624015  Y 359448
X 613592  Y 332283
X 625196  Y 310629
X 625196  Y 255511
X 613592  Y 214173
X 625196  Y 200393
X 613592  Y 174803
X 625196  Y 145275
X 613592  Y 135433
X 652962  Y 135433
X 652962  Y 174803
X 652962  Y 214173
X 652962  Y 332283
X 673622  Y 359448
X 663385  Y 362204
X 643700  Y 364960
X 633464  Y 367716
X 649606  Y 406692
X 643700  Y 451181
X 633464  Y 453543
X 673622  Y 455905
X 663385  Y 458267
X 652962  Y 489763
X 652962  Y 529133
X 652962  Y 568503
X 692332  Y 607874
X 731702  Y 607874
X 692332  Y 568503
X 731702  Y 568503
X 692332  Y 529133
X 731702  Y 529133
X 692332  Y 489763
X 731702  Y 489763
X 712992  Y 458267
X 723228  Y 455905
X 683070  Y 453543
X 732677  Y 453543
X 693307  Y 451181
X 731702  Y 411023
X 698818  Y 410236
X 732677  Y 367716
X 683070  Y 367716
X 693307  Y 364960
X 713385  Y 362204
X 723228  Y 359448
X 688188  Y 310629
X 688188  Y 255511
X 731702  Y 214173
X 692332  Y 214173
X 688188  Y 200393
X 692332  Y 174803
X 688188  Y 145275
X 692332  Y 135433
X 731702  Y 135433
X 771072  Y 135433
X 751181  Y 145275
X 771072  Y 174803
X 751181  Y 200393
X 771072  Y 214173
X 751181  Y 255511
X 751181  Y 310629
X 771072  Y 332283
X 772834  Y 359448
X 762992  Y 362204
X 742913  Y 364960
X 771072  Y 411023
X 749212  Y 413779
X 742519  Y 451181
X 772834  Y 455905
X 762992  Y 458267
X 771072  Y 489763
X 771072  Y 529133
X 771072  Y 568503
X 771072  Y 607874
X 812598  Y 623622
X 807031  Y 621314
X 818165  Y 621314
X 804724  Y 615748
X 820472  Y 615748
X 818165  Y 610181
X 807031  Y 610181
X 812598  Y 607874
X 810442  Y 568503
X 810442  Y 529133
X 810442  Y 489763
X 810442  Y 450393
X 810442  Y 411023
X 810442  Y 371653
X 810442  Y 332283
X 810442  Y 292913
X 810442  Y 253543
X 810442  Y 214173
X 810442  Y 174803
X 810442  Y 135433
X 812598  Y 123622
X 807031  Y 121314
X 818165  Y 121314
X 804724  Y 115748
X 820472  Y 115748
X 818165  Y 110181
X 807031  Y 110181
X 812598  Y 107874

Drill: .02362  Tool: 2  Feed: 197  Speed: 550
X 196850  Y 248425
X 282283  Y 248425
X 214173  Y 400787
X 296850  Y 459842
X 288582  Y 400000
X 319291  Y 400000
X 319291  Y 277559
X 362204  Y 277559
X 348425  Y 248425
X 367716  Y 228740
X 417322  Y 277559
X 433464  Y 311417
X 442913  Y 345669
X 495275  Y 456299
X 442913  Y 548818
X 434251  Y 600787
X 588188  Y 152755

Drill: .035  Tool: 3  Feed: 197  Speed: 550
X 155118  Y 115748
X 109921  Y 418897
X 149921  Y 418897
X 109921  Y 430708
X 149921  Y 430708
X 149921  Y 442519
X 109921  Y 442519
X 149921  Y 454330
X 109921  Y 454330
X 149921  Y 466141
X 109921  Y 466141
X 149921  Y 477952
X 109921  Y 477952
X 109960  Y 489763
X 119960  Y 489763
X 149905  Y 546381
X 149905  Y 556381
X 149905  Y 566381
X 149905  Y 576381
X 149905  Y 586381
X 159905  Y 596381
X 169905  Y 596381
X 179905  Y 596381
X 159905  Y 586381
X 169905  Y 586381
X 179905  Y 586381
X 159905  Y 576381
X 169905  Y 576381
X 179905  Y 576381
X 159905  Y 566381
X 169905  Y 566381
X 179905  Y 566381
X 159905  Y 556381
X 169905  Y 556381
X 179905  Y 556381
X 159905  Y 546381
X 169905  Y 546381
X 179905  Y 546381
X 159905  Y 536381
X 169905  Y 536381
X 179905  Y 536381
X 171614  Y 475629
X 171614  Y 465629
X 171614  Y 455629
X 171614  Y 445629
X 161496  Y 430708
X 173740  Y 344094
X 175118  Y 115748
X 165118  Y 115748
X 185118  Y 115748
X 196811  Y 227559
X 196811  Y 240157
X 183110  Y 285787
X 193110  Y 285787
X 203110  Y 285787
X 203110  Y 315787
X 193110  Y 315787
X 183110  Y 315787
X 183740  Y 344094
X 207204  Y 344094
X 201496  Y 430708
X 201614  Y 445629
X 201614  Y 455629
X 201614  Y 465629
X 201614  Y 475629
X 189905  Y 536381
X 199905  Y 536381
X 189905  Y 546381
X 199905  Y 546381
X 189905  Y 556381
X 199905  Y 556381
X 189905  Y 566381
X 199905  Y 566381
X 189905  Y 576381
X 199905  Y 576381
X 189905  Y 586381
X 199905  Y 586381
X 189905  Y 596381
X 199905  Y 596381
X 209905  Y 596381
X 219905  Y 586381
X 209905  Y 586381
X 219905  Y 576381
X 209905  Y 576381
X 219905  Y 566381
X 209905  Y 566381
X 219905  Y 556381
X 209905  Y 556381
X 219905  Y 546381
X 209905  Y 546381
X 209905  Y 536381
X 217204  Y 344094
X 223110  Y 315787
X 213110  Y 315787
X 213110  Y 285787
X 223110  Y 285787
X 226811  Y 240157
X 226811  Y 227559
X 217047  Y 206299
X 227047  Y 206299
X 227047  Y 170866
X 217047  Y 170866
X 237795  Y 115748
X 247795  Y 115748
X 257795  Y 115748
X 252480  Y 170866
X 242480  Y 191299
X 242480  Y 201299
X 242480  Y 211299
X 242480  Y 221299
X 233110  Y 285787
X 243110  Y 285787
X 253110  Y 285787
X 253110  Y 315787
X 243110  Y 315787
X 233110  Y 315787
X 250669  Y 344094
X 240669  Y 344094
X 256299  Y 427244
X 256299  Y 467244
X 242992  Y 467716
X 232992  Y 467716
X 253031  Y 489763
X 243031  Y 489763
X 251062  Y 540000
X 261062  Y 600000
X 271062  Y 600000
X 261062  Y 590000
X 271062  Y 590000
X 261062  Y 580000
X 271062  Y 580000
X 261062  Y 570000
X 271062  Y 570000
X 261062  Y 560000
X 271062  Y 560000
X 261062  Y 540000
X 272165  Y 344094
X 282165  Y 344094
X 282165  Y 300787
X 272165  Y 300787
X 272480  Y 221299
X 272480  Y 211299
X 272480  Y 201299
X 272480  Y 191299
X 262480  Y 170866
X 267795  Y 115748
X 277795  Y 115748
X 318267  Y 148385
X 348267  Y 148385
X 318267  Y 158385
X 348267  Y 158385
X 318267  Y 168385
X 348267  Y 168385
X 318267  Y 178385
X 348267  Y 178385
X 338307  Y 206299
X 348307  Y 206299
X 340157  Y 320000
X 340157  Y 330000
X 340157  Y 340000
X 340157  Y 350000
X 340157  Y 360000
X 340157  Y 370000
X 340157  Y 380000
X 340157  Y 390000
X 340157  Y 400000
X 340157  Y 410000
X 340157  Y 420000
X 340157  Y 430000
X 340157  Y 440000
X 340157  Y 450000
X 318503  Y 459921
X 340157  Y 460000
X 340157  Y 470000
X 340157  Y 480000
X 340157  Y 490000
X 318503  Y 499921
X 340157  Y 500000
X 318503  Y 509921
X 340157  Y 510000
X 340157  Y 520000
X 340157  Y 530000
X 340157  Y 540000
X 318503  Y 549921
X 340157  Y 550000
X 340157  Y 560000
X 340157  Y 570000
X 340157  Y 580000
X 340157  Y 590000
X 399212  Y 590000
X 399212  Y 580000
X 399212  Y 570000
X 399212  Y 560000
X 399212  Y 550000
X 399212  Y 540000
X 399212  Y 530000
X 399212  Y 520000
X 399212  Y 510000
X 399212  Y 500000
X 399212  Y 490000
X 399212  Y 480000
X 399212  Y 470000
X 399212  Y 460000
X 399212  Y 450000
X 399212  Y 440000
X 399212  Y 430000
X 399212  Y 420000
X 399212  Y 410000
X 399212  Y 400000
X 399212  Y 390000
X 399212  Y 380000
X 399212  Y 370000
X 399212  Y 360000
X 399212  Y 350000
X 399212  Y 340000
X 399212  Y 330000
X 399212  Y 320000
X 407204  Y 206299
X 387165  Y 178228
X 387165  Y 168228
X 387165  Y 158228
X 387165  Y 148228
X 417165  Y 148228
X 417165  Y 158228
X 458346  Y 167716
X 417165  Y 168228
X 417165  Y 178228
X 469251  Y 184606
X 469251  Y 194606
X 469251  Y 204606
X 417204  Y 206299
X 469251  Y 214606
X 469251  Y 224606
X 469251  Y 234606
X 469251  Y 244606
X 469251  Y 254606
X 469251  Y 264606
X 469251  Y 274606
X 469251  Y 284606
X 469251  Y 294606
X 469251  Y 304606
X 469251  Y 314606
X 477874  Y 395000
X 477874  Y 425000
X 414685  Y 548818
X 424685  Y 548818
X 472047  Y 580157
X 452362  Y 580157
X 424685  Y 580314
X 414685  Y 580314
X 462204  Y 590000
X 510551  Y 610000
X 520551  Y 610000
X 530551  Y 610000
X 497874  Y 425000
X 487874  Y 425000
X 527874  Y 425000
X 517874  Y 425000
X 507874  Y 425000
X 527874  Y 395000
X 487874  Y 395000
X 497874  Y 395000
X 507874  Y 395000
X 517874  Y 395000
X 521259  Y 315787
X 499251  Y 314606
X 499251  Y 304606
X 499251  Y 294606
X 521259  Y 285787
X 499251  Y 284606
X 499251  Y 274606
X 521259  Y 272480
X 499251  Y 264606
X 499251  Y 254606
X 499251  Y 244606
X 521259  Y 242480
X 499251  Y 234606
X 499251  Y 224606
X 525708  Y 218110
X 499251  Y 214606
X 499251  Y 204606
X 499251  Y 194606
X 521259  Y 192834
X 499251  Y 184606
X 498346  Y 167716
X 521259  Y 152834
X 535826  Y 152834
X 535826  Y 192834
X 535708  Y 218110
X 535826  Y 242480
X 535826  Y 272480
X 535826  Y 285787
X 535826  Y 315787
X 562283  Y 334251
X 547874  Y 395000
X 537874  Y 395000
X 557874  Y 395000
X 547874  Y 425000
X 557874  Y 425000
X 537874  Y 425000
X 570551  Y 610000
X 580551  Y 610000
X 540551  Y 610000
X 550551  Y 610000
X 560551  Y 610000
X 590551  Y 610000
X 600551  Y 610000
X 610551  Y 610000
X 620551  Y 610000
X 630551  Y 610000
X 603937  Y 439921
X 593937  Y 439921
X 583937  Y 439921
X 623937  Y 439921
X 613937  Y 439921
X 613937  Y 379921
X 593937  Y 379921
X 623937  Y 379921
X 603937  Y 379921
X 583937  Y 379921
X 602283  Y 334251
X 625275  Y 334251
X 665275  Y 334251
X 653543  Y 379921
X 633543  Y 379921
X 643543  Y 379921
X 663543  Y 379921
X 673543  Y 379921
X 673543  Y 439921
X 663543  Y 439921
X 633543  Y 439921
X 653543  Y 439921
X 643543  Y 439921
X 650551  Y 610000
X 640551  Y 610000
X 660551  Y 610000
X 683149  Y 439921
X 693149  Y 439921
X 703149  Y 439921
X 723149  Y 439921
X 713149  Y 439921
X 732755  Y 439921
X 703149  Y 379921
X 732755  Y 379921
X 713149  Y 379921
X 723149  Y 379921
X 683149  Y 379921
X 693149  Y 379921
X 728267  Y 334251
X 688267  Y 334251
X 751259  Y 334251
X 791259  Y 334251
X 752755  Y 379921
X 762755  Y 379921
X 772755  Y 379921
X 742755  Y 379921
X 772755  Y 439921
X 752755  Y 439921
X 742755  Y 439921
X 762755  Y 439921

Drill: .04331  Tool: 4  Feed: 139  Speed: 550
X 134330  Y 309291
X 123149  Y 314744
X 134330  Y 320196
X 123149  Y 325649
X 134330  Y 331102
X 123149  Y 336555
X 134330  Y 342007
X 123149  Y 347460
X 134330  Y 352913

Drill: .04724  Tool: 5  Feed: 139  Speed: 550
X 458464  Y 124409
X 458464  Y 144094
X 554527  Y 310629
X 554527  Y 290944
X 554527  Y 255511
X 554527  Y 235826
X 554527  Y 200393
X 554527  Y 180708
X 554527  Y 145275
X 507677  Y 144094
X 554527  Y 125590
X 507677  Y 124409
X 603740  Y 125590
X 617519  Y 125590
X 603740  Y 145275
X 617519  Y 145275
X 603740  Y 180708
X 617519  Y 180708
X 617519  Y 200393
X 603740  Y 200393
X 617519  Y 235826
X 603740  Y 235826
X 617519  Y 255511
X 603740  Y 255511
X 617519  Y 290944
X 603740  Y 290944
X 617519  Y 310629
X 603740  Y 310629
X 666732  Y 310629
X 680511  Y 310629
X 666732  Y 290944
X 680511  Y 290944
X 680511  Y 255511
X 666732  Y 255511
X 680511  Y 235826
X 666732  Y 235826
X 680511  Y 200393
X 666732  Y 200393
X 666732  Y 180708
X 680511  Y 180708
X 666732  Y 145275
X 680511  Y 145275
X 680511  Y 125590
X 666732  Y 125590
X 729724  Y 125590
X 743503  Y 125590
X 729724  Y 145275
X 743503  Y 145275
X 729724  Y 180708
X 743503  Y 180708
X 729724  Y 200393
X 743503  Y 200393
X 743503  Y 235826
X 729724  Y 235826
X 743503  Y 255511
X 729724  Y 255511
X 729724  Y 290944
X 743503  Y 290944
X 743503  Y 310629
X 729724  Y 310629
X 792716  Y 310629
X 792716  Y 290944
X 792716  Y 255511
X 792716  Y 235826
X 792716  Y 200393
X 792716  Y 180708
X 792716  Y 145275
X 792716  Y 125590

Drill: .05906  Tool: 6  Feed: 107  Speed: 550
X 120866  Y 200000
X 200000  Y 200000

Drill: .11811  Tool: 7  Feed: 69  Speed: 658
X 115748  Y 115748
X 115748  Y 615748
X 812598  Y 615748
X 812598  Y 115748

Drill: .15748  Tool: 8  Feed: 35  Speed: 900
X 128740  Y 281496
X 128740  Y 380708

End of Listing
